0 info it worked if it ends with ok
1 verbose cli [ 'F:\\nodejs\\node.exe',
1 verbose cli   'F:\\nodejs\\node_modules\\npm\\bin\\npm-cli.js',
1 verbose cli   'install' ]
2 info using npm@6.4.1
3 info using node@v10.15.0
4 verbose npm-session 9789fa811aef22fb
5 silly install runPreinstallTopLevelLifecycles
6 silly preinstall hyproduct@1.0.0
7 info lifecycle hyproduct@1.0.0~preinstall: hyproduct@1.0.0
8 silly install loadCurrentTree
9 silly install readLocalPackageData
10 timing stage:loadCurrentTree Completed in 15ms
11 silly install loadIdealTree
12 silly install cloneCurrentTreeToIdealTree
13 timing stage:loadIdealTree:cloneCurrentTree Completed in 1ms
14 silly install loadShrinkwrap
15 timing stage:loadIdealTree:loadShrinkwrap Completed in 107ms
16 silly install loadAllDepsIntoIdealTree
17 timing stage:loadIdealTree:loadAllDepsIntoIdealTree Completed in 292ms
18 timing stage:loadIdealTree Completed in 424ms
19 silly currentTree hyproduct@1.0.0
20 silly idealTree hyproduct@1.0.0
20 silly idealTree +-- @zeit/schemas@2.6.0
20 silly idealTree +-- accepts@1.3.7
20 silly idealTree +-- ajv@6.5.3
20 silly idealTree +-- ansi-align@2.0.0
20 silly idealTree +-- ansi-regex@3.0.0
20 silly idealTree +-- ansi-styles@3.2.1
20 silly idealTree +-- arch@2.1.1
20 silly idealTree +-- arg@2.0.0
20 silly idealTree +-- balanced-match@1.0.0
20 silly idealTree +-- boxen@1.3.0
20 silly idealTree +-- brace-expansion@1.1.11
20 silly idealTree +-- bytes@3.0.0
20 silly idealTree +-- camelcase@4.1.0
20 silly idealTree +-- chalk@2.4.1
20 silly idealTree +-- cli-boxes@1.0.0
20 silly idealTree +-- clipboardy@1.2.3
20 silly idealTree | `-- execa@0.8.0
20 silly idealTree +-- color-convert@1.9.3
20 silly idealTree +-- color-name@1.1.3
20 silly idealTree +-- compressible@2.0.17
20 silly idealTree +-- compression@1.7.3
20 silly idealTree +-- concat-map@0.0.1
20 silly idealTree +-- content-disposition@0.5.2
20 silly idealTree +-- cross-spawn@5.1.0
20 silly idealTree +-- debug@2.6.9
20 silly idealTree +-- deep-extend@0.6.0
20 silly idealTree +-- escape-string-regexp@1.0.5
20 silly idealTree +-- execa@0.7.0
20 silly idealTree +-- fast-deep-equal@2.0.1
20 silly idealTree +-- fast-json-stable-stringify@2.0.0
20 silly idealTree +-- fast-url-parser@1.1.3
20 silly idealTree | `-- punycode@1.4.1
20 silly idealTree +-- get-stream@3.0.0
20 silly idealTree +-- has-flag@3.0.0
20 silly idealTree +-- ini@1.3.5
20 silly idealTree +-- is-fullwidth-code-point@2.0.0
20 silly idealTree +-- is-stream@1.1.0
20 silly idealTree +-- isexe@2.0.0
20 silly idealTree +-- json-schema-traverse@0.4.1
20 silly idealTree +-- lru-cache@4.1.5
20 silly idealTree +-- mime-db@1.40.0
20 silly idealTree +-- mime-types@2.1.24
20 silly idealTree +-- minimatch@3.0.4
20 silly idealTree +-- minimist@1.2.0
20 silly idealTree +-- ms@2.0.0
20 silly idealTree +-- negotiator@0.6.2
20 silly idealTree +-- npm-run-path@2.0.2
20 silly idealTree +-- on-headers@1.0.2
20 silly idealTree +-- p-finally@1.0.0
20 silly idealTree +-- path-is-inside@1.0.2
20 silly idealTree +-- path-key@2.0.1
20 silly idealTree +-- path-to-regexp@2.2.1
20 silly idealTree +-- pseudomap@1.0.2
20 silly idealTree +-- punycode@2.1.1
20 silly idealTree +-- range-parser@1.2.0
20 silly idealTree +-- rc@1.2.8
20 silly idealTree +-- registry-auth-token@3.3.2
20 silly idealTree +-- registry-url@3.1.0
20 silly idealTree +-- safe-buffer@5.1.2
20 silly idealTree +-- serve-handler@6.0.0
20 silly idealTree | +-- mime-db@1.33.0
20 silly idealTree | `-- mime-types@2.1.18
20 silly idealTree +-- serve@11.0.0
20 silly idealTree +-- shebang-command@1.2.0
20 silly idealTree +-- shebang-regex@1.0.0
20 silly idealTree +-- signal-exit@3.0.2
20 silly idealTree +-- string-width@2.1.1
20 silly idealTree +-- strip-ansi@4.0.0
20 silly idealTree +-- strip-eof@1.0.0
20 silly idealTree +-- strip-json-comments@2.0.1
20 silly idealTree +-- supports-color@5.5.0
20 silly idealTree +-- term-size@1.2.0
20 silly idealTree +-- update-check@1.5.2
20 silly idealTree +-- uri-js@4.2.2
20 silly idealTree +-- vary@1.1.2
20 silly idealTree +-- which@1.3.1
20 silly idealTree +-- widest-line@2.0.1
20 silly idealTree `-- yallist@2.1.2
21 silly install generateActionsToTake
22 timing stage:generateActionsToTake Completed in 17ms
23 silly diffTrees action count 78
24 silly diffTrees add @zeit/schemas@2.6.0
25 silly diffTrees add ansi-regex@3.0.0
26 silly diffTrees add arch@2.1.1
27 silly diffTrees add arg@2.0.0
28 silly diffTrees add balanced-match@1.0.0
29 silly diffTrees add bytes@3.0.0
30 silly diffTrees add camelcase@4.1.0
31 silly diffTrees add cli-boxes@1.0.0
32 silly diffTrees add color-name@1.1.3
33 silly diffTrees add color-convert@1.9.3
34 silly diffTrees add ansi-styles@3.2.1
35 silly diffTrees add concat-map@0.0.1
36 silly diffTrees add brace-expansion@1.1.11
37 silly diffTrees add content-disposition@0.5.2
38 silly diffTrees add deep-extend@0.6.0
39 silly diffTrees add escape-string-regexp@1.0.5
40 silly diffTrees add fast-deep-equal@2.0.1
41 silly diffTrees add fast-json-stable-stringify@2.0.0
42 silly diffTrees add punycode@1.4.1
43 silly diffTrees add fast-url-parser@1.1.3
44 silly diffTrees add get-stream@3.0.0
45 silly diffTrees add has-flag@3.0.0
46 silly diffTrees add ini@1.3.5
47 silly diffTrees add is-fullwidth-code-point@2.0.0
48 silly diffTrees add is-stream@1.1.0
49 silly diffTrees add isexe@2.0.0
50 silly diffTrees add json-schema-traverse@0.4.1
51 silly diffTrees add mime-db@1.40.0
52 silly diffTrees add compressible@2.0.17
53 silly diffTrees add mime-types@2.1.24
54 silly diffTrees add minimatch@3.0.4
55 silly diffTrees add minimist@1.2.0
56 silly diffTrees add ms@2.0.0
57 silly diffTrees add debug@2.6.9
58 silly diffTrees add negotiator@0.6.2
59 silly diffTrees add accepts@1.3.7
60 silly diffTrees add on-headers@1.0.2
61 silly diffTrees add p-finally@1.0.0
62 silly diffTrees add path-is-inside@1.0.2
63 silly diffTrees add path-key@2.0.1
64 silly diffTrees add npm-run-path@2.0.2
65 silly diffTrees add path-to-regexp@2.2.1
66 silly diffTrees add pseudomap@1.0.2
67 silly diffTrees add punycode@2.1.1
68 silly diffTrees add range-parser@1.2.0
69 silly diffTrees add safe-buffer@5.1.2
70 silly diffTrees add mime-db@1.33.0
71 silly diffTrees add mime-types@2.1.18
72 silly diffTrees add serve-handler@6.0.0
73 silly diffTrees add shebang-regex@1.0.0
74 silly diffTrees add shebang-command@1.2.0
75 silly diffTrees add signal-exit@3.0.2
76 silly diffTrees add strip-ansi@4.0.0
77 silly diffTrees add string-width@2.1.1
78 silly diffTrees add ansi-align@2.0.0
79 silly diffTrees add strip-eof@1.0.0
80 silly diffTrees add strip-json-comments@2.0.1
81 silly diffTrees add rc@1.2.8
82 silly diffTrees add registry-auth-token@3.3.2
83 silly diffTrees add registry-url@3.1.0
84 silly diffTrees add supports-color@5.5.0
85 silly diffTrees add chalk@2.4.1
86 silly diffTrees add update-check@1.5.2
87 silly diffTrees add uri-js@4.2.2
88 silly diffTrees add ajv@6.5.3
89 silly diffTrees add vary@1.1.2
90 silly diffTrees add compression@1.7.3
91 silly diffTrees add which@1.3.1
92 silly diffTrees add widest-line@2.0.1
93 silly diffTrees add yallist@2.1.2
94 silly diffTrees add lru-cache@4.1.5
95 silly diffTrees add cross-spawn@5.1.0
96 silly diffTrees add execa@0.8.0
97 silly diffTrees add clipboardy@1.2.3
98 silly diffTrees add execa@0.7.0
99 silly diffTrees add term-size@1.2.0
100 silly diffTrees add boxen@1.3.0
101 silly diffTrees add serve@11.0.0
102 silly decomposeActions action count 624
103 silly decomposeActions fetch @zeit/schemas@2.6.0
104 silly decomposeActions extract @zeit/schemas@2.6.0
105 silly decomposeActions preinstall @zeit/schemas@2.6.0
106 silly decomposeActions build @zeit/schemas@2.6.0
107 silly decomposeActions install @zeit/schemas@2.6.0
108 silly decomposeActions postinstall @zeit/schemas@2.6.0
109 silly decomposeActions finalize @zeit/schemas@2.6.0
110 silly decomposeActions refresh-package-json @zeit/schemas@2.6.0
111 silly decomposeActions fetch ansi-regex@3.0.0
112 silly decomposeActions extract ansi-regex@3.0.0
113 silly decomposeActions preinstall ansi-regex@3.0.0
114 silly decomposeActions build ansi-regex@3.0.0
115 silly decomposeActions install ansi-regex@3.0.0
116 silly decomposeActions postinstall ansi-regex@3.0.0
117 silly decomposeActions finalize ansi-regex@3.0.0
118 silly decomposeActions refresh-package-json ansi-regex@3.0.0
119 silly decomposeActions fetch arch@2.1.1
120 silly decomposeActions extract arch@2.1.1
121 silly decomposeActions preinstall arch@2.1.1
122 silly decomposeActions build arch@2.1.1
123 silly decomposeActions install arch@2.1.1
124 silly decomposeActions postinstall arch@2.1.1
125 silly decomposeActions finalize arch@2.1.1
126 silly decomposeActions refresh-package-json arch@2.1.1
127 silly decomposeActions fetch arg@2.0.0
128 silly decomposeActions extract arg@2.0.0
129 silly decomposeActions preinstall arg@2.0.0
130 silly decomposeActions build arg@2.0.0
131 silly decomposeActions install arg@2.0.0
132 silly decomposeActions postinstall arg@2.0.0
133 silly decomposeActions finalize arg@2.0.0
134 silly decomposeActions refresh-package-json arg@2.0.0
135 silly decomposeActions fetch balanced-match@1.0.0
136 silly decomposeActions extract balanced-match@1.0.0
137 silly decomposeActions preinstall balanced-match@1.0.0
138 silly decomposeActions build balanced-match@1.0.0
139 silly decomposeActions install balanced-match@1.0.0
140 silly decomposeActions postinstall balanced-match@1.0.0
141 silly decomposeActions finalize balanced-match@1.0.0
142 silly decomposeActions refresh-package-json balanced-match@1.0.0
143 silly decomposeActions fetch bytes@3.0.0
144 silly decomposeActions extract bytes@3.0.0
145 silly decomposeActions preinstall bytes@3.0.0
146 silly decomposeActions build bytes@3.0.0
147 silly decomposeActions install bytes@3.0.0
148 silly decomposeActions postinstall bytes@3.0.0
149 silly decomposeActions finalize bytes@3.0.0
150 silly decomposeActions refresh-package-json bytes@3.0.0
151 silly decomposeActions fetch camelcase@4.1.0
152 silly decomposeActions extract camelcase@4.1.0
153 silly decomposeActions preinstall camelcase@4.1.0
154 silly decomposeActions build camelcase@4.1.0
155 silly decomposeActions install camelcase@4.1.0
156 silly decomposeActions postinstall camelcase@4.1.0
157 silly decomposeActions finalize camelcase@4.1.0
158 silly decomposeActions refresh-package-json camelcase@4.1.0
159 silly decomposeActions fetch cli-boxes@1.0.0
160 silly decomposeActions extract cli-boxes@1.0.0
161 silly decomposeActions preinstall cli-boxes@1.0.0
162 silly decomposeActions build cli-boxes@1.0.0
163 silly decomposeActions install cli-boxes@1.0.0
164 silly decomposeActions postinstall cli-boxes@1.0.0
165 silly decomposeActions finalize cli-boxes@1.0.0
166 silly decomposeActions refresh-package-json cli-boxes@1.0.0
167 silly decomposeActions fetch color-name@1.1.3
168 silly decomposeActions extract color-name@1.1.3
169 silly decomposeActions preinstall color-name@1.1.3
170 silly decomposeActions build color-name@1.1.3
171 silly decomposeActions install color-name@1.1.3
172 silly decomposeActions postinstall color-name@1.1.3
173 silly decomposeActions finalize color-name@1.1.3
174 silly decomposeActions refresh-package-json color-name@1.1.3
175 silly decomposeActions fetch color-convert@1.9.3
176 silly decomposeActions extract color-convert@1.9.3
177 silly decomposeActions preinstall color-convert@1.9.3
178 silly decomposeActions build color-convert@1.9.3
179 silly decomposeActions install color-convert@1.9.3
180 silly decomposeActions postinstall color-convert@1.9.3
181 silly decomposeActions finalize color-convert@1.9.3
182 silly decomposeActions refresh-package-json color-convert@1.9.3
183 silly decomposeActions fetch ansi-styles@3.2.1
184 silly decomposeActions extract ansi-styles@3.2.1
185 silly decomposeActions preinstall ansi-styles@3.2.1
186 silly decomposeActions build ansi-styles@3.2.1
187 silly decomposeActions install ansi-styles@3.2.1
188 silly decomposeActions postinstall ansi-styles@3.2.1
189 silly decomposeActions finalize ansi-styles@3.2.1
190 silly decomposeActions refresh-package-json ansi-styles@3.2.1
191 silly decomposeActions fetch concat-map@0.0.1
192 silly decomposeActions extract concat-map@0.0.1
193 silly decomposeActions preinstall concat-map@0.0.1
194 silly decomposeActions build concat-map@0.0.1
195 silly decomposeActions install concat-map@0.0.1
196 silly decomposeActions postinstall concat-map@0.0.1
197 silly decomposeActions finalize concat-map@0.0.1
198 silly decomposeActions refresh-package-json concat-map@0.0.1
199 silly decomposeActions fetch brace-expansion@1.1.11
200 silly decomposeActions extract brace-expansion@1.1.11
201 silly decomposeActions preinstall brace-expansion@1.1.11
202 silly decomposeActions build brace-expansion@1.1.11
203 silly decomposeActions install brace-expansion@1.1.11
204 silly decomposeActions postinstall brace-expansion@1.1.11
205 silly decomposeActions finalize brace-expansion@1.1.11
206 silly decomposeActions refresh-package-json brace-expansion@1.1.11
207 silly decomposeActions fetch content-disposition@0.5.2
208 silly decomposeActions extract content-disposition@0.5.2
209 silly decomposeActions preinstall content-disposition@0.5.2
210 silly decomposeActions build content-disposition@0.5.2
211 silly decomposeActions install content-disposition@0.5.2
212 silly decomposeActions postinstall content-disposition@0.5.2
213 silly decomposeActions finalize content-disposition@0.5.2
214 silly decomposeActions refresh-package-json content-disposition@0.5.2
215 silly decomposeActions fetch deep-extend@0.6.0
216 silly decomposeActions extract deep-extend@0.6.0
217 silly decomposeActions preinstall deep-extend@0.6.0
218 silly decomposeActions build deep-extend@0.6.0
219 silly decomposeActions install deep-extend@0.6.0
220 silly decomposeActions postinstall deep-extend@0.6.0
221 silly decomposeActions finalize deep-extend@0.6.0
222 silly decomposeActions refresh-package-json deep-extend@0.6.0
223 silly decomposeActions fetch escape-string-regexp@1.0.5
224 silly decomposeActions extract escape-string-regexp@1.0.5
225 silly decomposeActions preinstall escape-string-regexp@1.0.5
226 silly decomposeActions build escape-string-regexp@1.0.5
227 silly decomposeActions install escape-string-regexp@1.0.5
228 silly decomposeActions postinstall escape-string-regexp@1.0.5
229 silly decomposeActions finalize escape-string-regexp@1.0.5
230 silly decomposeActions refresh-package-json escape-string-regexp@1.0.5
231 silly decomposeActions fetch fast-deep-equal@2.0.1
232 silly decomposeActions extract fast-deep-equal@2.0.1
233 silly decomposeActions preinstall fast-deep-equal@2.0.1
234 silly decomposeActions build fast-deep-equal@2.0.1
235 silly decomposeActions install fast-deep-equal@2.0.1
236 silly decomposeActions postinstall fast-deep-equal@2.0.1
237 silly decomposeActions finalize fast-deep-equal@2.0.1
238 silly decomposeActions refresh-package-json fast-deep-equal@2.0.1
239 silly decomposeActions fetch fast-json-stable-stringify@2.0.0
240 silly decomposeActions extract fast-json-stable-stringify@2.0.0
241 silly decomposeActions preinstall fast-json-stable-stringify@2.0.0
242 silly decomposeActions build fast-json-stable-stringify@2.0.0
243 silly decomposeActions install fast-json-stable-stringify@2.0.0
244 silly decomposeActions postinstall fast-json-stable-stringify@2.0.0
245 silly decomposeActions finalize fast-json-stable-stringify@2.0.0
246 silly decomposeActions refresh-package-json fast-json-stable-stringify@2.0.0
247 silly decomposeActions fetch punycode@1.4.1
248 silly decomposeActions extract punycode@1.4.1
249 silly decomposeActions preinstall punycode@1.4.1
250 silly decomposeActions build punycode@1.4.1
251 silly decomposeActions install punycode@1.4.1
252 silly decomposeActions postinstall punycode@1.4.1
253 silly decomposeActions finalize punycode@1.4.1
254 silly decomposeActions refresh-package-json punycode@1.4.1
255 silly decomposeActions fetch fast-url-parser@1.1.3
256 silly decomposeActions extract fast-url-parser@1.1.3
257 silly decomposeActions preinstall fast-url-parser@1.1.3
258 silly decomposeActions build fast-url-parser@1.1.3
259 silly decomposeActions install fast-url-parser@1.1.3
260 silly decomposeActions postinstall fast-url-parser@1.1.3
261 silly decomposeActions finalize fast-url-parser@1.1.3
262 silly decomposeActions refresh-package-json fast-url-parser@1.1.3
263 silly decomposeActions fetch get-stream@3.0.0
264 silly decomposeActions extract get-stream@3.0.0
265 silly decomposeActions preinstall get-stream@3.0.0
266 silly decomposeActions build get-stream@3.0.0
267 silly decomposeActions install get-stream@3.0.0
268 silly decomposeActions postinstall get-stream@3.0.0
269 silly decomposeActions finalize get-stream@3.0.0
270 silly decomposeActions refresh-package-json get-stream@3.0.0
271 silly decomposeActions fetch has-flag@3.0.0
272 silly decomposeActions extract has-flag@3.0.0
273 silly decomposeActions preinstall has-flag@3.0.0
274 silly decomposeActions build has-flag@3.0.0
275 silly decomposeActions install has-flag@3.0.0
276 silly decomposeActions postinstall has-flag@3.0.0
277 silly decomposeActions finalize has-flag@3.0.0
278 silly decomposeActions refresh-package-json has-flag@3.0.0
279 silly decomposeActions fetch ini@1.3.5
280 silly decomposeActions extract ini@1.3.5
281 silly decomposeActions preinstall ini@1.3.5
282 silly decomposeActions build ini@1.3.5
283 silly decomposeActions install ini@1.3.5
284 silly decomposeActions postinstall ini@1.3.5
285 silly decomposeActions finalize ini@1.3.5
286 silly decomposeActions refresh-package-json ini@1.3.5
287 silly decomposeActions fetch is-fullwidth-code-point@2.0.0
288 silly decomposeActions extract is-fullwidth-code-point@2.0.0
289 silly decomposeActions preinstall is-fullwidth-code-point@2.0.0
290 silly decomposeActions build is-fullwidth-code-point@2.0.0
291 silly decomposeActions install is-fullwidth-code-point@2.0.0
292 silly decomposeActions postinstall is-fullwidth-code-point@2.0.0
293 silly decomposeActions finalize is-fullwidth-code-point@2.0.0
294 silly decomposeActions refresh-package-json is-fullwidth-code-point@2.0.0
295 silly decomposeActions fetch is-stream@1.1.0
296 silly decomposeActions extract is-stream@1.1.0
297 silly decomposeActions preinstall is-stream@1.1.0
298 silly decomposeActions build is-stream@1.1.0
299 silly decomposeActions install is-stream@1.1.0
300 silly decomposeActions postinstall is-stream@1.1.0
301 silly decomposeActions finalize is-stream@1.1.0
302 silly decomposeActions refresh-package-json is-stream@1.1.0
303 silly decomposeActions fetch isexe@2.0.0
304 silly decomposeActions extract isexe@2.0.0
305 silly decomposeActions preinstall isexe@2.0.0
306 silly decomposeActions build isexe@2.0.0
307 silly decomposeActions install isexe@2.0.0
308 silly decomposeActions postinstall isexe@2.0.0
309 silly decomposeActions finalize isexe@2.0.0
310 silly decomposeActions refresh-package-json isexe@2.0.0
311 silly decomposeActions fetch json-schema-traverse@0.4.1
312 silly decomposeActions extract json-schema-traverse@0.4.1
313 silly decomposeActions preinstall json-schema-traverse@0.4.1
314 silly decomposeActions build json-schema-traverse@0.4.1
315 silly decomposeActions install json-schema-traverse@0.4.1
316 silly decomposeActions postinstall json-schema-traverse@0.4.1
317 silly decomposeActions finalize json-schema-traverse@0.4.1
318 silly decomposeActions refresh-package-json json-schema-traverse@0.4.1
319 silly decomposeActions fetch mime-db@1.40.0
320 silly decomposeActions extract mime-db@1.40.0
321 silly decomposeActions preinstall mime-db@1.40.0
322 silly decomposeActions build mime-db@1.40.0
323 silly decomposeActions install mime-db@1.40.0
324 silly decomposeActions postinstall mime-db@1.40.0
325 silly decomposeActions finalize mime-db@1.40.0
326 silly decomposeActions refresh-package-json mime-db@1.40.0
327 silly decomposeActions fetch compressible@2.0.17
328 silly decomposeActions extract compressible@2.0.17
329 silly decomposeActions preinstall compressible@2.0.17
330 silly decomposeActions build compressible@2.0.17
331 silly decomposeActions install compressible@2.0.17
332 silly decomposeActions postinstall compressible@2.0.17
333 silly decomposeActions finalize compressible@2.0.17
334 silly decomposeActions refresh-package-json compressible@2.0.17
335 silly decomposeActions fetch mime-types@2.1.24
336 silly decomposeActions extract mime-types@2.1.24
337 silly decomposeActions preinstall mime-types@2.1.24
338 silly decomposeActions build mime-types@2.1.24
339 silly decomposeActions install mime-types@2.1.24
340 silly decomposeActions postinstall mime-types@2.1.24
341 silly decomposeActions finalize mime-types@2.1.24
342 silly decomposeActions refresh-package-json mime-types@2.1.24
343 silly decomposeActions fetch minimatch@3.0.4
344 silly decomposeActions extract minimatch@3.0.4
345 silly decomposeActions preinstall minimatch@3.0.4
346 silly decomposeActions build minimatch@3.0.4
347 silly decomposeActions install minimatch@3.0.4
348 silly decomposeActions postinstall minimatch@3.0.4
349 silly decomposeActions finalize minimatch@3.0.4
350 silly decomposeActions refresh-package-json minimatch@3.0.4
351 silly decomposeActions fetch minimist@1.2.0
352 silly decomposeActions extract minimist@1.2.0
353 silly decomposeActions preinstall minimist@1.2.0
354 silly decomposeActions build minimist@1.2.0
355 silly decomposeActions install minimist@1.2.0
356 silly decomposeActions postinstall minimist@1.2.0
357 silly decomposeActions finalize minimist@1.2.0
358 silly decomposeActions refresh-package-json minimist@1.2.0
359 silly decomposeActions fetch ms@2.0.0
360 silly decomposeActions extract ms@2.0.0
361 silly decomposeActions preinstall ms@2.0.0
362 silly decomposeActions build ms@2.0.0
363 silly decomposeActions install ms@2.0.0
364 silly decomposeActions postinstall ms@2.0.0
365 silly decomposeActions finalize ms@2.0.0
366 silly decomposeActions refresh-package-json ms@2.0.0
367 silly decomposeActions fetch debug@2.6.9
368 silly decomposeActions extract debug@2.6.9
369 silly decomposeActions preinstall debug@2.6.9
370 silly decomposeActions build debug@2.6.9
371 silly decomposeActions install debug@2.6.9
372 silly decomposeActions postinstall debug@2.6.9
373 silly decomposeActions finalize debug@2.6.9
374 silly decomposeActions refresh-package-json debug@2.6.9
375 silly decomposeActions fetch negotiator@0.6.2
376 silly decomposeActions extract negotiator@0.6.2
377 silly decomposeActions preinstall negotiator@0.6.2
378 silly decomposeActions build negotiator@0.6.2
379 silly decomposeActions install negotiator@0.6.2
380 silly decomposeActions postinstall negotiator@0.6.2
381 silly decomposeActions finalize negotiator@0.6.2
382 silly decomposeActions refresh-package-json negotiator@0.6.2
383 silly decomposeActions fetch accepts@1.3.7
384 silly decomposeActions extract accepts@1.3.7
385 silly decomposeActions preinstall accepts@1.3.7
386 silly decomposeActions build accepts@1.3.7
387 silly decomposeActions install accepts@1.3.7
388 silly decomposeActions postinstall accepts@1.3.7
389 silly decomposeActions finalize accepts@1.3.7
390 silly decomposeActions refresh-package-json accepts@1.3.7
391 silly decomposeActions fetch on-headers@1.0.2
392 silly decomposeActions extract on-headers@1.0.2
393 silly decomposeActions preinstall on-headers@1.0.2
394 silly decomposeActions build on-headers@1.0.2
395 silly decomposeActions install on-headers@1.0.2
396 silly decomposeActions postinstall on-headers@1.0.2
397 silly decomposeActions finalize on-headers@1.0.2
398 silly decomposeActions refresh-package-json on-headers@1.0.2
399 silly decomposeActions fetch p-finally@1.0.0
400 silly decomposeActions extract p-finally@1.0.0
401 silly decomposeActions preinstall p-finally@1.0.0
402 silly decomposeActions build p-finally@1.0.0
403 silly decomposeActions install p-finally@1.0.0
404 silly decomposeActions postinstall p-finally@1.0.0
405 silly decomposeActions finalize p-finally@1.0.0
406 silly decomposeActions refresh-package-json p-finally@1.0.0
407 silly decomposeActions fetch path-is-inside@1.0.2
408 silly decomposeActions extract path-is-inside@1.0.2
409 silly decomposeActions preinstall path-is-inside@1.0.2
410 silly decomposeActions build path-is-inside@1.0.2
411 silly decomposeActions install path-is-inside@1.0.2
412 silly decomposeActions postinstall path-is-inside@1.0.2
413 silly decomposeActions finalize path-is-inside@1.0.2
414 silly decomposeActions refresh-package-json path-is-inside@1.0.2
415 silly decomposeActions fetch path-key@2.0.1
416 silly decomposeActions extract path-key@2.0.1
417 silly decomposeActions preinstall path-key@2.0.1
418 silly decomposeActions build path-key@2.0.1
419 silly decomposeActions install path-key@2.0.1
420 silly decomposeActions postinstall path-key@2.0.1
421 silly decomposeActions finalize path-key@2.0.1
422 silly decomposeActions refresh-package-json path-key@2.0.1
423 silly decomposeActions fetch npm-run-path@2.0.2
424 silly decomposeActions extract npm-run-path@2.0.2
425 silly decomposeActions preinstall npm-run-path@2.0.2
426 silly decomposeActions build npm-run-path@2.0.2
427 silly decomposeActions install npm-run-path@2.0.2
428 silly decomposeActions postinstall npm-run-path@2.0.2
429 silly decomposeActions finalize npm-run-path@2.0.2
430 silly decomposeActions refresh-package-json npm-run-path@2.0.2
431 silly decomposeActions fetch path-to-regexp@2.2.1
432 silly decomposeActions extract path-to-regexp@2.2.1
433 silly decomposeActions preinstall path-to-regexp@2.2.1
434 silly decomposeActions build path-to-regexp@2.2.1
435 silly decomposeActions install path-to-regexp@2.2.1
436 silly decomposeActions postinstall path-to-regexp@2.2.1
437 silly decomposeActions finalize path-to-regexp@2.2.1
438 silly decomposeActions refresh-package-json path-to-regexp@2.2.1
439 silly decomposeActions fetch pseudomap@1.0.2
440 silly decomposeActions extract pseudomap@1.0.2
441 silly decomposeActions preinstall pseudomap@1.0.2
442 silly decomposeActions build pseudomap@1.0.2
443 silly decomposeActions install pseudomap@1.0.2
444 silly decomposeActions postinstall pseudomap@1.0.2
445 silly decomposeActions finalize pseudomap@1.0.2
446 silly decomposeActions refresh-package-json pseudomap@1.0.2
447 silly decomposeActions fetch punycode@2.1.1
448 silly decomposeActions extract punycode@2.1.1
449 silly decomposeActions preinstall punycode@2.1.1
450 silly decomposeActions build punycode@2.1.1
451 silly decomposeActions install punycode@2.1.1
452 silly decomposeActions postinstall punycode@2.1.1
453 silly decomposeActions finalize punycode@2.1.1
454 silly decomposeActions refresh-package-json punycode@2.1.1
455 silly decomposeActions fetch range-parser@1.2.0
456 silly decomposeActions extract range-parser@1.2.0
457 silly decomposeActions preinstall range-parser@1.2.0
458 silly decomposeActions build range-parser@1.2.0
459 silly decomposeActions install range-parser@1.2.0
460 silly decomposeActions postinstall range-parser@1.2.0
461 silly decomposeActions finalize range-parser@1.2.0
462 silly decomposeActions refresh-package-json range-parser@1.2.0
463 silly decomposeActions fetch safe-buffer@5.1.2
464 silly decomposeActions extract safe-buffer@5.1.2
465 silly decomposeActions preinstall safe-buffer@5.1.2
466 silly decomposeActions build safe-buffer@5.1.2
467 silly decomposeActions install safe-buffer@5.1.2
468 silly decomposeActions postinstall safe-buffer@5.1.2
469 silly decomposeActions finalize safe-buffer@5.1.2
470 silly decomposeActions refresh-package-json safe-buffer@5.1.2
471 silly decomposeActions fetch mime-db@1.33.0
472 silly decomposeActions extract mime-db@1.33.0
473 silly decomposeActions preinstall mime-db@1.33.0
474 silly decomposeActions build mime-db@1.33.0
475 silly decomposeActions install mime-db@1.33.0
476 silly decomposeActions postinstall mime-db@1.33.0
477 silly decomposeActions finalize mime-db@1.33.0
478 silly decomposeActions refresh-package-json mime-db@1.33.0
479 silly decomposeActions fetch mime-types@2.1.18
480 silly decomposeActions extract mime-types@2.1.18
481 silly decomposeActions preinstall mime-types@2.1.18
482 silly decomposeActions build mime-types@2.1.18
483 silly decomposeActions install mime-types@2.1.18
484 silly decomposeActions postinstall mime-types@2.1.18
485 silly decomposeActions finalize mime-types@2.1.18
486 silly decomposeActions refresh-package-json mime-types@2.1.18
487 silly decomposeActions fetch serve-handler@6.0.0
488 silly decomposeActions extract serve-handler@6.0.0
489 silly decomposeActions preinstall serve-handler@6.0.0
490 silly decomposeActions build serve-handler@6.0.0
491 silly decomposeActions install serve-handler@6.0.0
492 silly decomposeActions postinstall serve-handler@6.0.0
493 silly decomposeActions finalize serve-handler@6.0.0
494 silly decomposeActions refresh-package-json serve-handler@6.0.0
495 silly decomposeActions fetch shebang-regex@1.0.0
496 silly decomposeActions extract shebang-regex@1.0.0
497 silly decomposeActions preinstall shebang-regex@1.0.0
498 silly decomposeActions build shebang-regex@1.0.0
499 silly decomposeActions install shebang-regex@1.0.0
500 silly decomposeActions postinstall shebang-regex@1.0.0
501 silly decomposeActions finalize shebang-regex@1.0.0
502 silly decomposeActions refresh-package-json shebang-regex@1.0.0
503 silly decomposeActions fetch shebang-command@1.2.0
504 silly decomposeActions extract shebang-command@1.2.0
505 silly decomposeActions preinstall shebang-command@1.2.0
506 silly decomposeActions build shebang-command@1.2.0
507 silly decomposeActions install shebang-command@1.2.0
508 silly decomposeActions postinstall shebang-command@1.2.0
509 silly decomposeActions finalize shebang-command@1.2.0
510 silly decomposeActions refresh-package-json shebang-command@1.2.0
511 silly decomposeActions fetch signal-exit@3.0.2
512 silly decomposeActions extract signal-exit@3.0.2
513 silly decomposeActions preinstall signal-exit@3.0.2
514 silly decomposeActions build signal-exit@3.0.2
515 silly decomposeActions install signal-exit@3.0.2
516 silly decomposeActions postinstall signal-exit@3.0.2
517 silly decomposeActions finalize signal-exit@3.0.2
518 silly decomposeActions refresh-package-json signal-exit@3.0.2
519 silly decomposeActions fetch strip-ansi@4.0.0
520 silly decomposeActions extract strip-ansi@4.0.0
521 silly decomposeActions preinstall strip-ansi@4.0.0
522 silly decomposeActions build strip-ansi@4.0.0
523 silly decomposeActions install strip-ansi@4.0.0
524 silly decomposeActions postinstall strip-ansi@4.0.0
525 silly decomposeActions finalize strip-ansi@4.0.0
526 silly decomposeActions refresh-package-json strip-ansi@4.0.0
527 silly decomposeActions fetch string-width@2.1.1
528 silly decomposeActions extract string-width@2.1.1
529 silly decomposeActions preinstall string-width@2.1.1
530 silly decomposeActions build string-width@2.1.1
531 silly decomposeActions install string-width@2.1.1
532 silly decomposeActions postinstall string-width@2.1.1
533 silly decomposeActions finalize string-width@2.1.1
534 silly decomposeActions refresh-package-json string-width@2.1.1
535 silly decomposeActions fetch ansi-align@2.0.0
536 silly decomposeActions extract ansi-align@2.0.0
537 silly decomposeActions preinstall ansi-align@2.0.0
538 silly decomposeActions build ansi-align@2.0.0
539 silly decomposeActions install ansi-align@2.0.0
540 silly decomposeActions postinstall ansi-align@2.0.0
541 silly decomposeActions finalize ansi-align@2.0.0
542 silly decomposeActions refresh-package-json ansi-align@2.0.0
543 silly decomposeActions fetch strip-eof@1.0.0
544 silly decomposeActions extract strip-eof@1.0.0
545 silly decomposeActions preinstall strip-eof@1.0.0
546 silly decomposeActions build strip-eof@1.0.0
547 silly decomposeActions install strip-eof@1.0.0
548 silly decomposeActions postinstall strip-eof@1.0.0
549 silly decomposeActions finalize strip-eof@1.0.0
550 silly decomposeActions refresh-package-json strip-eof@1.0.0
551 silly decomposeActions fetch strip-json-comments@2.0.1
552 silly decomposeActions extract strip-json-comments@2.0.1
553 silly decomposeActions preinstall strip-json-comments@2.0.1
554 silly decomposeActions build strip-json-comments@2.0.1
555 silly decomposeActions install strip-json-comments@2.0.1
556 silly decomposeActions postinstall strip-json-comments@2.0.1
557 silly decomposeActions finalize strip-json-comments@2.0.1
558 silly decomposeActions refresh-package-json strip-json-comments@2.0.1
559 silly decomposeActions fetch rc@1.2.8
560 silly decomposeActions extract rc@1.2.8
561 silly decomposeActions preinstall rc@1.2.8
562 silly decomposeActions build rc@1.2.8
563 silly decomposeActions install rc@1.2.8
564 silly decomposeActions postinstall rc@1.2.8
565 silly decomposeActions finalize rc@1.2.8
566 silly decomposeActions refresh-package-json rc@1.2.8
567 silly decomposeActions fetch registry-auth-token@3.3.2
568 silly decomposeActions extract registry-auth-token@3.3.2
569 silly decomposeActions preinstall registry-auth-token@3.3.2
570 silly decomposeActions build registry-auth-token@3.3.2
571 silly decomposeActions install registry-auth-token@3.3.2
572 silly decomposeActions postinstall registry-auth-token@3.3.2
573 silly decomposeActions finalize registry-auth-token@3.3.2
574 silly decomposeActions refresh-package-json registry-auth-token@3.3.2
575 silly decomposeActions fetch registry-url@3.1.0
576 silly decomposeActions extract registry-url@3.1.0
577 silly decomposeActions preinstall registry-url@3.1.0
578 silly decomposeActions build registry-url@3.1.0
579 silly decomposeActions install registry-url@3.1.0
580 silly decomposeActions postinstall registry-url@3.1.0
581 silly decomposeActions finalize registry-url@3.1.0
582 silly decomposeActions refresh-package-json registry-url@3.1.0
583 silly decomposeActions fetch supports-color@5.5.0
584 silly decomposeActions extract supports-color@5.5.0
585 silly decomposeActions preinstall supports-color@5.5.0
586 silly decomposeActions build supports-color@5.5.0
587 silly decomposeActions install supports-color@5.5.0
588 silly decomposeActions postinstall supports-color@5.5.0
589 silly decomposeActions finalize supports-color@5.5.0
590 silly decomposeActions refresh-package-json supports-color@5.5.0
591 silly decomposeActions fetch chalk@2.4.1
592 silly decomposeActions extract chalk@2.4.1
593 silly decomposeActions preinstall chalk@2.4.1
594 silly decomposeActions build chalk@2.4.1
595 silly decomposeActions install chalk@2.4.1
596 silly decomposeActions postinstall chalk@2.4.1
597 silly decomposeActions finalize chalk@2.4.1
598 silly decomposeActions refresh-package-json chalk@2.4.1
599 silly decomposeActions fetch update-check@1.5.2
600 silly decomposeActions extract update-check@1.5.2
601 silly decomposeActions preinstall update-check@1.5.2
602 silly decomposeActions build update-check@1.5.2
603 silly decomposeActions install update-check@1.5.2
604 silly decomposeActions postinstall update-check@1.5.2
605 silly decomposeActions finalize update-check@1.5.2
606 silly decomposeActions refresh-package-json update-check@1.5.2
607 silly decomposeActions fetch uri-js@4.2.2
608 silly decomposeActions extract uri-js@4.2.2
609 silly decomposeActions preinstall uri-js@4.2.2
610 silly decomposeActions build uri-js@4.2.2
611 silly decomposeActions install uri-js@4.2.2
612 silly decomposeActions postinstall uri-js@4.2.2
613 silly decomposeActions finalize uri-js@4.2.2
614 silly decomposeActions refresh-package-json uri-js@4.2.2
615 silly decomposeActions fetch ajv@6.5.3
616 silly decomposeActions extract ajv@6.5.3
617 silly decomposeActions preinstall ajv@6.5.3
618 silly decomposeActions build ajv@6.5.3
619 silly decomposeActions install ajv@6.5.3
620 silly decomposeActions postinstall ajv@6.5.3
621 silly decomposeActions finalize ajv@6.5.3
622 silly decomposeActions refresh-package-json ajv@6.5.3
623 silly decomposeActions fetch vary@1.1.2
624 silly decomposeActions extract vary@1.1.2
625 silly decomposeActions preinstall vary@1.1.2
626 silly decomposeActions build vary@1.1.2
627 silly decomposeActions install vary@1.1.2
628 silly decomposeActions postinstall vary@1.1.2
629 silly decomposeActions finalize vary@1.1.2
630 silly decomposeActions refresh-package-json vary@1.1.2
631 silly decomposeActions fetch compression@1.7.3
632 silly decomposeActions extract compression@1.7.3
633 silly decomposeActions preinstall compression@1.7.3
634 silly decomposeActions build compression@1.7.3
635 silly decomposeActions install compression@1.7.3
636 silly decomposeActions postinstall compression@1.7.3
637 silly decomposeActions finalize compression@1.7.3
638 silly decomposeActions refresh-package-json compression@1.7.3
639 silly decomposeActions fetch which@1.3.1
640 silly decomposeActions extract which@1.3.1
641 silly decomposeActions preinstall which@1.3.1
642 silly decomposeActions build which@1.3.1
643 silly decomposeActions install which@1.3.1
644 silly decomposeActions postinstall which@1.3.1
645 silly decomposeActions finalize which@1.3.1
646 silly decomposeActions refresh-package-json which@1.3.1
647 silly decomposeActions fetch widest-line@2.0.1
648 silly decomposeActions extract widest-line@2.0.1
649 silly decomposeActions preinstall widest-line@2.0.1
650 silly decomposeActions build widest-line@2.0.1
651 silly decomposeActions install widest-line@2.0.1
652 silly decomposeActions postinstall widest-line@2.0.1
653 silly decomposeActions finalize widest-line@2.0.1
654 silly decomposeActions refresh-package-json widest-line@2.0.1
655 silly decomposeActions fetch yallist@2.1.2
656 silly decomposeActions extract yallist@2.1.2
657 silly decomposeActions preinstall yallist@2.1.2
658 silly decomposeActions build yallist@2.1.2
659 silly decomposeActions install yallist@2.1.2
660 silly decomposeActions postinstall yallist@2.1.2
661 silly decomposeActions finalize yallist@2.1.2
662 silly decomposeActions refresh-package-json yallist@2.1.2
663 silly decomposeActions fetch lru-cache@4.1.5
664 silly decomposeActions extract lru-cache@4.1.5
665 silly decomposeActions preinstall lru-cache@4.1.5
666 silly decomposeActions build lru-cache@4.1.5
667 silly decomposeActions install lru-cache@4.1.5
668 silly decomposeActions postinstall lru-cache@4.1.5
669 silly decomposeActions finalize lru-cache@4.1.5
670 silly decomposeActions refresh-package-json lru-cache@4.1.5
671 silly decomposeActions fetch cross-spawn@5.1.0
672 silly decomposeActions extract cross-spawn@5.1.0
673 silly decomposeActions preinstall cross-spawn@5.1.0
674 silly decomposeActions build cross-spawn@5.1.0
675 silly decomposeActions install cross-spawn@5.1.0
676 silly decomposeActions postinstall cross-spawn@5.1.0
677 silly decomposeActions finalize cross-spawn@5.1.0
678 silly decomposeActions refresh-package-json cross-spawn@5.1.0
679 silly decomposeActions fetch execa@0.8.0
680 silly decomposeActions extract execa@0.8.0
681 silly decomposeActions preinstall execa@0.8.0
682 silly decomposeActions build execa@0.8.0
683 silly decomposeActions install execa@0.8.0
684 silly decomposeActions postinstall execa@0.8.0
685 silly decomposeActions finalize execa@0.8.0
686 silly decomposeActions refresh-package-json execa@0.8.0
687 silly decomposeActions fetch clipboardy@1.2.3
688 silly decomposeActions extract clipboardy@1.2.3
689 silly decomposeActions preinstall clipboardy@1.2.3
690 silly decomposeActions build clipboardy@1.2.3
691 silly decomposeActions install clipboardy@1.2.3
692 silly decomposeActions postinstall clipboardy@1.2.3
693 silly decomposeActions finalize clipboardy@1.2.3
694 silly decomposeActions refresh-package-json clipboardy@1.2.3
695 silly decomposeActions fetch execa@0.7.0
696 silly decomposeActions extract execa@0.7.0
697 silly decomposeActions preinstall execa@0.7.0
698 silly decomposeActions build execa@0.7.0
699 silly decomposeActions install execa@0.7.0
700 silly decomposeActions postinstall execa@0.7.0
701 silly decomposeActions finalize execa@0.7.0
702 silly decomposeActions refresh-package-json execa@0.7.0
703 silly decomposeActions fetch term-size@1.2.0
704 silly decomposeActions extract term-size@1.2.0
705 silly decomposeActions preinstall term-size@1.2.0
706 silly decomposeActions build term-size@1.2.0
707 silly decomposeActions install term-size@1.2.0
708 silly decomposeActions postinstall term-size@1.2.0
709 silly decomposeActions finalize term-size@1.2.0
710 silly decomposeActions refresh-package-json term-size@1.2.0
711 silly decomposeActions fetch boxen@1.3.0
712 silly decomposeActions extract boxen@1.3.0
713 silly decomposeActions preinstall boxen@1.3.0
714 silly decomposeActions build boxen@1.3.0
715 silly decomposeActions install boxen@1.3.0
716 silly decomposeActions postinstall boxen@1.3.0
717 silly decomposeActions finalize boxen@1.3.0
718 silly decomposeActions refresh-package-json boxen@1.3.0
719 silly decomposeActions fetch serve@11.0.0
720 silly decomposeActions extract serve@11.0.0
721 silly decomposeActions preinstall serve@11.0.0
722 silly decomposeActions build serve@11.0.0
723 silly decomposeActions install serve@11.0.0
724 silly decomposeActions postinstall serve@11.0.0
725 silly decomposeActions finalize serve@11.0.0
726 silly decomposeActions refresh-package-json serve@11.0.0
727 silly install executeActions
728 silly doSerial global-install 624
729 verbose correctMkdir F:\MyWork\heemoney-doc\nodejs\node_cache\_locks correctMkdir not in flight; initializing
730 verbose makeDirectory F:\MyWork\heemoney-doc\nodejs\node_cache\_locks creation not in flight; initializing
731 verbose makeCacheDir UID & GID are irrelevant on win32
732 timing audit compress Completed in 28ms
733 info audit Submitting payload of 5300bytes
734 verbose lock using F:\MyWork\heemoney-doc\nodejs\node_cache\_locks\staging-e9660fbc4dd55e57.lock for F:\MyWork\heemoney-doc\node_modules\.staging
735 silly doParallel extract 78
736 silly extract @zeit/schemas@2.6.0
737 silly extract ansi-regex@3.0.0
738 silly extract arch@2.1.1
739 silly extract arg@2.0.0
740 silly extract balanced-match@1.0.0
741 silly extract bytes@3.0.0
742 silly extract camelcase@4.1.0
743 silly extract cli-boxes@1.0.0
744 silly extract color-name@1.1.3
745 silly extract color-convert@1.9.3
746 silly extract ansi-styles@3.2.1
747 silly extract concat-map@0.0.1
748 silly extract brace-expansion@1.1.11
749 silly extract content-disposition@0.5.2
750 silly extract deep-extend@0.6.0
751 silly extract escape-string-regexp@1.0.5
752 silly extract fast-deep-equal@2.0.1
753 silly extract fast-json-stable-stringify@2.0.0
754 silly extract punycode@1.4.1
755 silly extract fast-url-parser@1.1.3
756 silly extract get-stream@3.0.0
757 silly extract has-flag@3.0.0
758 silly extract ini@1.3.5
759 silly extract is-fullwidth-code-point@2.0.0
760 silly extract is-stream@1.1.0
761 silly extract isexe@2.0.0
762 silly extract json-schema-traverse@0.4.1
763 silly extract mime-db@1.40.0
764 silly extract compressible@2.0.17
765 silly extract mime-types@2.1.24
766 silly extract minimatch@3.0.4
767 silly extract minimist@1.2.0
768 silly extract ms@2.0.0
769 silly extract debug@2.6.9
770 silly extract negotiator@0.6.2
771 silly extract accepts@1.3.7
772 silly extract on-headers@1.0.2
773 silly extract p-finally@1.0.0
774 silly extract path-is-inside@1.0.2
775 silly extract path-key@2.0.1
776 silly extract npm-run-path@2.0.2
777 silly extract path-to-regexp@2.2.1
778 silly extract pseudomap@1.0.2
779 silly extract punycode@2.1.1
780 silly extract range-parser@1.2.0
781 silly extract safe-buffer@5.1.2
782 silly extract mime-db@1.33.0
783 silly extract mime-types@2.1.18
784 silly extract serve-handler@6.0.0
785 silly extract shebang-regex@1.0.0
786 silly tarball trying @zeit/schemas@2.6.0 by hash: sha512-uUrgZ8AxS+Lio0fZKAipJjAh415JyrOZowliZAzmnJSsf7piVL5w+G0+gFJ0KSu3QRhvui/7zuvpLz03YjXAhg==
787 silly tarball trying ansi-regex@3.0.0 by hash: sha1-7QMXwyIGT3lGbAKWa922Bas32Zg=
788 silly tarball trying arch@2.1.1 by hash: sha512-BLM56aPo9vLLFVa8+/+pJLnrZ7QGGTVHWsCwieAWT9o9K8UeGaQbzZbGoabWLOo2ksBCztoXdqBZBplqLDDCSg==
789 silly tarball trying arg@2.0.0 by hash: sha512-XxNTUzKnz1ctK3ZIcI2XUPlD96wbHP2nGqkPKpvk/HNRlPveYrXIVSTk9m3LcqOgDPg3B1nMvdV/K8wZd7PG4w==
790 silly tarball trying balanced-match@1.0.0 by hash: sha1-ibTRmasr7kneFk6gK4nORi1xt2c=
791 silly tarball trying bytes@3.0.0 by hash: sha1-0ygVQE1olpn4Wk6k+odV3ROpYEg=
792 silly tarball trying camelcase@4.1.0 by hash: sha1-1UVjW+HjPFQmScaRc+Xeas+uNN0=
793 silly tarball trying cli-boxes@1.0.0 by hash: sha1-T6kXw+WclKAEzWH47lCdplFocUM=
794 silly tarball trying color-name@1.1.3 by hash: sha1-p9BVi9icQveV3UIyj3QIMcpTvCU=
795 silly tarball trying color-convert@1.9.3 by hash: sha512-QfAUtd+vFdAtFQcC8CCyYt1fYWxSqAiK2cSD6zDB8N3cpsEBAvRxp9zOGg6G/SHHJYAT88/az/IuDGALsNVbGg==
796 silly tarball trying ansi-styles@3.2.1 by hash: sha512-VT0ZI6kZRdTh8YyJw3SMbYm/u+NqfsAxEpWO0Pf9sq8/e94WxxOpPKx9FR1FlyCtOVDNOQ+8ntlqFxiRc+r5qA==
797 silly tarball trying concat-map@0.0.1 by hash: sha1-2Klr13/Wjfd5OnMDajug1UBdR3s=
798 silly tarball trying brace-expansion@1.1.11 by hash: sha512-iCuPHDFgrHX7H2vEI/5xpz07zSHB00TpugqhmYtVmMO6518mCuRMoOYFldEBl0g187ufozdaHgWKcYFb61qGiA==
799 silly tarball trying content-disposition@0.5.2 by hash: sha1-DPaLud318r55YcOoUXjLhdunjLQ=
800 silly tarball trying deep-extend@0.6.0 by hash: sha512-LOHxIOaPYdHlJRtCQfDIVZtfw/ufM8+rVj649RIHzcm/vGwQRXFt6OPqIFWsm2XEMrNIEtWR64sY1LEKD2vAOA==
801 silly tarball trying escape-string-regexp@1.0.5 by hash: sha1-G2HAViGQqN/2rjuyzwIAyhMLhtQ=
802 silly tarball trying fast-deep-equal@2.0.1 by hash: sha1-ewUhjd+WZ79/Nwv3/bLLFf3Qqkk=
803 silly tarball trying fast-json-stable-stringify@2.0.0 by hash: sha1-1RQsDK7msRifh9OnYREGT4bIu/I=
804 silly tarball trying punycode@1.4.1 by hash: sha1-wNWmOycYgArY4esPpSachN1BhF4=
805 silly tarball trying fast-url-parser@1.1.3 by hash: sha1-9K8+qfNNiicc9YrSs3WfQx8LMY0=
806 silly tarball trying get-stream@3.0.0 by hash: sha1-jpQ9E1jcN1VQVOy+LtsFqhdO3hQ=
807 silly tarball trying has-flag@3.0.0 by hash: sha1-tdRU3CGZriJWmfNGfloH87lVuv0=
808 silly tarball trying ini@1.3.5 by hash: sha512-RZY5huIKCMRWDUqZlEi72f/lmXKMvuszcMBduliQ3nnWbx9X/ZBQO7DijMEYS9EhHBb2qacRUMtC7svLwe0lcw==
809 silly tarball trying is-fullwidth-code-point@2.0.0 by hash: sha1-o7MKXE8ZkYMWeqq5O+764937ZU8=
810 silly tarball trying is-stream@1.1.0 by hash: sha1-EtSj3U5o4Lec6428hBc66A2RykQ=
811 silly tarball trying isexe@2.0.0 by hash: sha1-6PvzdNxVb/iUehDcsFctYz8s+hA=
812 silly tarball trying json-schema-traverse@0.4.1 by hash: sha512-xbbCH5dCYU5T8LcEhhuh7HJ88HXuW3qsI3Y0zOZFKfZEHcpWiHU/Jxzk629Brsab/mMiHQti9wMP+845RPe3Vg==
813 silly tarball trying mime-db@1.40.0 by hash: sha512-jYdeOMPy9vnxEqFRRo6ZvTZ8d9oPb+k18PKoYNYUe2stVEBPPwsln/qWzdbmaIvnhZ9v2P+CuecK+fpUfsV2mA==
814 silly tarball trying compressible@2.0.17 by hash: sha512-BGHeLCK1GV7j1bSmQQAi26X+GgWcTjLr/0tzSvMCl3LH1w1IJ4PFSPoV5316b30cneTziC+B1a+3OjoSUcQYmw==
815 silly tarball trying mime-types@2.1.24 by hash: sha512-WaFHS3MCl5fapm3oLxU4eYDw77IQM2ACcxQ9RIxfaC3ooc6PFuBMGZZsYpvoXS5D5QTWPieo1jjLdAm3TBP3cQ==
816 silly tarball trying minimatch@3.0.4 by hash: sha512-yJHVQEhyqPLUTgt9B83PXu6W3rx4MvvHvSUvToogpwoGDOUQ+yDrR0HRot+yOCdCO7u4hX3pWft6kWBBcqh0UA==
817 silly tarball trying minimist@1.2.0 by hash: sha1-o1AIsg9BOD7sH7kU9M1d95omQoQ=
818 silly tarball trying ms@2.0.0 by hash: sha1-VgiurfwAvmwpAd9fmGF4jeDVl8g=
819 silly tarball trying debug@2.6.9 by hash: sha512-bC7ElrdJaJnPbAP+1EotYvqZsb3ecl5wi6Bfi6BJTUcNowp6cvspg0jXznRTKDjm/E7AdgFBVeAPVMNcKGsHMA==
820 silly tarball trying negotiator@0.6.2 by hash: sha512-hZXc7K2e+PgeI1eDBe/10Ard4ekbfrrqG8Ep+8Jmf4JID2bNg7NvCPOZN+kfF574pFQI7mum2AUqDidoKqcTOw==
821 silly tarball trying accepts@1.3.7 by hash: sha512-Il80Qs2WjYlJIBNzNkK6KYqlVMTbZLXgHx2oT0pU/fjRHyEp+PEfEPY0R3WCwAGVOtauxh1hOxNgIf5bv7dQpA==
822 silly tarball trying on-headers@1.0.2 by hash: sha512-pZAE+FJLoyITytdqK0U5s+FIpjN0JP3OzFi/u8Rx+EV5/W+JTWGXG8xFzevE7AjBfDqHv/8vL8qQsIhHnqRkrA==
823 silly tarball trying p-finally@1.0.0 by hash: sha1-P7z7FbiZpEEjs0ttzBi3JDNqLK4=
824 silly tarball trying path-is-inside@1.0.2 by hash: sha1-NlQX3t5EQw0cEa9hAn+s8HS9/FM=
825 silly tarball trying path-key@2.0.1 by hash: sha1-QRyttXTFoUDTpLGRDUDYDMn0C0A=
826 silly tarball trying npm-run-path@2.0.2 by hash: sha1-NakjLfo11wZ7TLLd8jV7GHFTbF8=
827 silly tarball trying path-to-regexp@2.2.1 by hash: sha512-gu9bD6Ta5bwGrrU8muHzVOBFFREpp2iRkVfhBJahwJ6p6Xw20SjT0MxLnwkjOibQmGSYhiUnf2FLe7k+jcFmGQ==
828 silly tarball trying pseudomap@1.0.2 by hash: sha1-8FKijacOYYkX7wqKw0wa5aaChrM=
829 silly tarball trying punycode@2.1.1 by hash: sha512-XRsRjdf+j5ml+y/6GKHPZbrF/8p2Yga0JPtdqTIY2Xe5ohJPD9saDJJLPvp9+NSBprVvevdXZybnj2cv8OEd0A==
830 silly tarball trying range-parser@1.2.0 by hash: sha1-9JvmtIeJTdxA3MlKMi9hEJLgDV4=
831 silly tarball trying safe-buffer@5.1.2 by hash: sha512-Gd2UZBJDkXlY7GbJxfsE8/nvKkUEU1G38c1siN6QP6a9PT9MmHB8GnpscSmMJSoF8LOIrt8ud/wPtojys4G6+g==
832 silly tarball trying mime-db@1.33.0 by hash: sha512-BHJ/EKruNIqJf/QahvxwQZXKygOQ256myeN/Ew+THcAa5q+PjyTTMMeNQC4DZw5AwfvelsUrA6B67NKMqXDbzQ==
833 silly tarball trying mime-types@2.1.18 by hash: sha512-lc/aahn+t4/SWV/qcmumYjymLsWfN3ELhpmVuUFjgsORruuZPVSwAQryq+HHGvO/SI2KVX26bx+En+zhM8g8hQ==
834 silly tarball trying serve-handler@6.0.0 by hash: sha512-2/e0+N1abV1HAN+YN8uCOPi1B0bIYaR6kRcSfzezRwszak5Yzr6QhT34XJk2Bw89rhXenqwLNJb4NnF2/krnGQ==
835 silly tarball trying shebang-regex@1.0.0 by hash: sha1-2kL0l0DAtC2yypcoVxyxkMmO/qM=
836 silly tarball no local data for arg@2.0.0. Extracting by manifest.
837 silly tarball no local data for arch@2.1.1. Extracting by manifest.
838 silly tarball no local data for color-convert@1.9.3. Extracting by manifest.
839 silly tarball no local data for balanced-match@1.0.0. Extracting by manifest.
840 silly tarball no local data for cli-boxes@1.0.0. Extracting by manifest.
841 silly tarball no local data for bytes@3.0.0. Extracting by manifest.
842 silly tarball no local data for ansi-styles@3.2.1. Extracting by manifest.
843 silly tarball no local data for color-name@1.1.3. Extracting by manifest.
844 silly tarball no local data for brace-expansion@1.1.11. Extracting by manifest.
845 silly tarball no local data for concat-map@0.0.1. Extracting by manifest.
846 silly tarball no local data for punycode@1.4.1. Extracting by manifest.
847 silly tarball no local data for content-disposition@0.5.2. Extracting by manifest.
848 silly tarball no local data for escape-string-regexp@1.0.5. Extracting by manifest.
849 silly tarball no local data for deep-extend@0.6.0. Extracting by manifest.
850 silly tarball no local data for fast-json-stable-stringify@2.0.0. Extracting by manifest.
851 silly tarball no local data for is-fullwidth-code-point@2.0.0. Extracting by manifest.
852 silly tarball no local data for ansi-regex@3.0.0. Extracting by manifest.
853 silly tarball no local data for fast-url-parser@1.1.3. Extracting by manifest.
854 silly tarball no local data for has-flag@3.0.0. Extracting by manifest.
855 silly tarball no local data for is-stream@1.1.0. Extracting by manifest.
856 silly tarball no local data for json-schema-traverse@0.4.1. Extracting by manifest.
857 silly tarball no local data for minimist@1.2.0. Extracting by manifest.
858 silly tarball no local data for ini@1.3.5. Extracting by manifest.
859 silly tarball no local data for mime-types@2.1.24. Extracting by manifest.
860 silly tarball no local data for debug@2.6.9. Extracting by manifest.
861 silly tarball no local data for camelcase@4.1.0. Extracting by manifest.
862 silly tarball no local data for compressible@2.0.17. Extracting by manifest.
863 silly tarball no local data for accepts@1.3.7. Extracting by manifest.
864 silly tarball no local data for path-key@2.0.1. Extracting by manifest.
865 silly tarball no local data for p-finally@1.0.0. Extracting by manifest.
866 silly tarball no local data for ms@2.0.0. Extracting by manifest.
867 silly tarball no local data for mime-db@1.40.0. Extracting by manifest.
868 silly tarball no local data for minimatch@3.0.4. Extracting by manifest.
869 silly tarball no local data for fast-deep-equal@2.0.1. Extracting by manifest.
870 silly tarball no local data for on-headers@1.0.2. Extracting by manifest.
871 silly tarball no local data for path-is-inside@1.0.2. Extracting by manifest.
872 silly tarball no local data for path-to-regexp@2.2.1. Extracting by manifest.
873 silly tarball no local data for npm-run-path@2.0.2. Extracting by manifest.
874 silly tarball no local data for mime-db@1.33.0. Extracting by manifest.
875 silly tarball no local data for punycode@2.1.1. Extracting by manifest.
876 silly tarball no local data for negotiator@0.6.2. Extracting by manifest.
877 silly tarball no local data for pseudomap@1.0.2. Extracting by manifest.
878 silly tarball no local data for safe-buffer@5.1.2. Extracting by manifest.
879 silly tarball no local data for shebang-regex@1.0.0. Extracting by manifest.
880 silly tarball no local data for mime-types@2.1.18. Extracting by manifest.
881 silly tarball no local data for serve-handler@6.0.0. Extracting by manifest.
882 silly tarball no local data for range-parser@1.2.0. Extracting by manifest.
883 silly tarball no local data for get-stream@3.0.0. Extracting by manifest.
884 silly tarball no local data for @zeit/schemas@2.6.0. Extracting by manifest.
885 silly tarball no local data for isexe@2.0.0. Extracting by manifest.
886 http fetch GET 200 https://registry.npmjs.org/arch 1528ms
887 http fetch GET 200 https://registry.npmjs.org/has-flag 2199ms
888 http fetch GET 200 https://registry.npmjs.org/arg 2440ms
889 http fetch GET 200 https://registry.npmjs.org/shebang-regex 2668ms
890 http fetch GET 200 https://registry.npmjs.org/deep-extend 2751ms
891 http fetch GET 200 https://registry.npmjs.org/path-key 2801ms
892 http fetch GET 200 https://registry.npmjs.org/punycode 3148ms
893 http fetch GET 200 https://registry.npmjs.org/json-schema-traverse 3313ms
894 http fetch GET 200 https://registry.npmjs.org/range-parser 3303ms
895 http fetch GET 200 https://registry.npmjs.org/arch/-/arch-2.1.1.tgz 2108ms
896 silly extract arch@2.1.1 extracted to F:\MyWork\heemoney-doc\node_modules\.staging\arch-9c5bc4c3 (3820ms)
897 silly extract serve@11.0.0
898 silly tarball trying serve@11.0.0 by hash: sha512-Gnyyp3JAtRUo0dRH1/YWPKbnaXHfzQBiVh9+qSUi6tyVcVA8twUP2c+GnOwsoe9Ss7dfOHJUTSA4fdWP//Y4gQ==
899 silly tarball no local data for serve@11.0.0. Extracting by manifest.
900 http fetch GET 200 https://registry.npmjs.org/fast-json-stable-stringify 4086ms
901 http fetch GET 200 https://registry.npmjs.org/escape-string-regexp 4112ms
902 http fetch GET 200 https://registry.npmjs.org/negotiator 4137ms
903 http fetch GET 200 https://registry.npmjs.org/path-key/-/path-key-2.0.1.tgz 1484ms
904 silly extract path-key@2.0.1 extracted to F:\MyWork\heemoney-doc\node_modules\.staging\path-key-ace0686d (4471ms)
905 silly extract boxen@1.3.0
906 silly tarball trying boxen@1.3.0 by hash: sha512-TNPjfTr432qx7yOjQyaXm3dSR0MH9vXp7eT1BFSl/C51g+EFnOR9hTg1IreahGBmDNCehscshe45f+C1TBZbLw==
907 silly tarball no local data for boxen@1.3.0. Extracting by manifest.
908 http fetch GET 200 https://registry.npmjs.org/ms 4401ms
909 http fetch GET 200 https://registry.npmjs.org/fast-url-parser 4492ms
910 http fetch GET 200 https://registry.npmjs.org/has-flag/-/has-flag-3.0.0.tgz 2327ms
911 silly extract has-flag@3.0.0 extracted to F:\MyWork\heemoney-doc\node_modules\.staging\has-flag-3b13f3cd (4743ms)
912 silly extract term-size@1.2.0
913 silly tarball trying term-size@1.2.0 by hash: sha1-RYuDiH8oj8Vtb/+/rSYuJmOO+mk=
914 silly tarball no local data for term-size@1.2.0. Extracting by manifest.
915 http fetch GET 200 https://registry.npmjs.org/npm-run-path 4669ms
916 http fetch GET 200 https://registry.npmjs.org/range-parser/-/range-parser-1.2.0.tgz 1535ms
917 silly extract range-parser@1.2.0 extracted to F:\MyWork\heemoney-doc\node_modules\.staging\range-parser-f46726db (5033ms)
918 silly extract execa@0.7.0
919 silly tarball trying execa@0.7.0 by hash: sha1-lEvs00zEHuMqY6n68nrVpl/Fl3c=
920 silly tarball no local data for execa@0.7.0. Extracting by manifest.
921 http fetch GET 200 https://registry.npmjs.org/escape-string-regexp/-/escape-string-regexp-1.0.5.tgz 979ms
922 silly extract escape-string-regexp@1.0.5 extracted to F:\MyWork\heemoney-doc\node_modules\.staging\escape-string-regexp-af9fbff0 (5287ms)
923 silly extract clipboardy@1.2.3
924 silly tarball trying clipboardy@1.2.3 by hash: sha512-2WNImOvCRe6r63Gk9pShfkwXsVtKCroMAevIbiae021mS850UkWPbevxsBz3tnvjZIEGvlwaqCPsw+4ulzNgJA==
925 silly tarball no local data for clipboardy@1.2.3. Extracting by manifest.
926 http fetch GET 200 https://registry.npmjs.org/mime-types 5100ms
927 http fetch GET 200 https://registry.npmjs.org/balanced-match 5335ms
928 http fetch GET 200 https://registry.npmjs.org/mime-db 6092ms
929 http fetch GET 200 https://registry.npmjs.org/execa 1607ms
930 http fetch GET 200 https://registry.npmjs.org/clipboardy 1584ms
931 http fetch GET 200 https://registry.npmjs.org/ansi-regex 6736ms
932 http fetch GET 200 https://registry.npmjs.org/deep-extend/-/deep-extend-0.6.0.tgz 4409ms
933 silly extract deep-extend@0.6.0 extracted to F:\MyWork\heemoney-doc\node_modules\.staging\deep-extend-ff0abdbf (7355ms)
934 silly extract execa@0.8.0
935 silly tarball trying execa@0.8.0 by hash: sha1-2NdrvBtVIX7RkP1t1J08d07PyNo=
936 silly tarball no local data for execa@0.8.0. Extracting by manifest.
937 http fetch GET 200 https://registry.npmjs.org/ms/-/ms-2.0.0.tgz 2760ms
938 silly extract ms@2.0.0 extracted to F:\MyWork\heemoney-doc\node_modules\.staging\ms-1d3dedd0 (7355ms)
939 silly extract cross-spawn@5.1.0
940 silly tarball trying cross-spawn@5.1.0 by hash: sha1-6L0O/uWPz/b4+UUQoKVUu/ojVEk=
941 silly tarball no local data for cross-spawn@5.1.0. Extracting by manifest.
942 http fetch GET 200 https://registry.npmjs.org/brace-expansion 7196ms
943 http fetch GET 200 https://registry.npmjs.org/fast-url-parser/-/fast-url-parser-1.1.3.tgz 2771ms
944 silly extract fast-url-parser@1.1.3 extracted to F:\MyWork\heemoney-doc\node_modules\.staging\fast-url-parser-9ff63ff7 (7457ms)
945 silly extract lru-cache@4.1.5
946 silly tarball trying lru-cache@4.1.5 by hash: sha512-sWZlbEP2OsHNkXrMl5GYk/jKk70MBng6UU4YI/qGDYbgf6YbP4EvmqISbXCoJiRKs+1bSpFHVgQxvJ17F2li5g==
947 silly tarball no local data for lru-cache@4.1.5. Extracting by manifest.
948 http fetch GET 200 https://registry.npmjs.org/path-is-inside 7343ms
949 http fetch GET 200 https://registry.npmjs.org/balanced-match/-/balanced-match-1.0.0.tgz 2118ms
950 silly extract balanced-match@1.0.0 extracted to F:\MyWork\heemoney-doc\node_modules\.staging\balanced-match-a64d6843 (7639ms)
951 silly extract yallist@2.1.2
952 silly tarball trying yallist@2.1.2 by hash: sha1-HBH5IY8HYImkfdUS+TxmmaaoHVI=
953 silly tarball no local data for yallist@2.1.2. Extracting by manifest.
954 http fetch GET 200 https://registry.npmjs.org/json-schema-traverse/-/json-schema-traverse-0.4.1.tgz 4204ms
955 silly extract json-schema-traverse@0.4.1 extracted to F:\MyWork\heemoney-doc\node_modules\.staging\json-schema-traverse-481f3478 (7708ms)
956 silly extract widest-line@2.0.1
957 silly tarball trying widest-line@2.0.1 by hash: sha512-Ba5m9/Fa4Xt9eb2ELXt77JxVDV8w7qQrH0zS/TWSJdLyAwQjWoOzpzj5lwVftDz6n/EOu3tNACS84v509qwnJA==
958 silly tarball no local data for widest-line@2.0.1. Extracting by manifest.
959 http fetch GET 200 https://registry.npmjs.org/concat-map 7541ms
960 http fetch GET 200 https://registry.npmjs.org/color-name 7585ms
961 http fetch GET 200 https://registry.npmjs.org/is-fullwidth-code-point 7738ms
962 http fetch GET 200 https://registry.npmjs.org/execa/-/execa-0.7.0.tgz 1438ms
963 silly extract execa@0.7.0 extracted to F:\MyWork\heemoney-doc\node_modules\.staging\execa-be2d168e (3050ms)
964 silly extract which@1.3.1
965 silly tarball trying which@1.3.1 by hash: sha512-HxJdYWq1MTIQbJ3nw0cqssHoTNU267KlrDuGZ1WYlxDStUtKUhOaJmh112/TZmHxxUfuJqPXSOm7tDyas0OSIQ==
966 http fetch GET 200 https://registry.npmjs.org/negotiator/-/negotiator-0.6.2.tgz 3760ms
967 silly extract negotiator@0.6.2 extracted to F:\MyWork\heemoney-doc\node_modules\.staging\negotiator-56db0df5 (8094ms)
968 silly tarball no local data for which@1.3.1. Extracting by manifest.
969 silly extract compression@1.7.3
970 silly tarball trying compression@1.7.3 by hash: sha512-HSjyBG5N1Nnz7tF2+O7A9XUhyjru71/fwgNb7oIsEVHR0WShfs2tIS/EySLgiTe98aOK18YDlMXpzjCXY/n9mg==
971 silly tarball no local data for compression@1.7.3. Extracting by manifest.
972 http fetch GET 200 https://registry.npmjs.org/isexe 7986ms
973 http fetch GET 200 https://registry.npmjs.org/shebang-regex/-/shebang-regex-1.0.0.tgz 5521ms
974 silly extract shebang-regex@1.0.0 extracted to F:\MyWork\heemoney-doc\node_modules\.staging\shebang-regex-bbdbab6e (8376ms)
975 silly extract vary@1.1.2
976 silly tarball trying vary@1.1.2 by hash: sha1-IpnwLG3tMNSllhsLn3RSShj2NPw=
977 silly tarball no local data for vary@1.1.2. Extracting by manifest.
978 http fetch GET 200 https://registry.npmjs.org/npm-run-path/-/npm-run-path-2.0.2.tgz 3594ms
979 silly extract npm-run-path@2.0.2 extracted to F:\MyWork\heemoney-doc\node_modules\.staging\npm-run-path-78483e1b (8452ms)
980 silly extract ajv@6.5.3
981 silly tarball trying ajv@6.5.3 by hash: sha512-LqZ9wY+fx3UMiiPd741yB2pj3hhil+hQc8taf4o2QGRFpWgZ2V5C8HA165DY9sS3fJwsk7uT7ZlFEyC3Ig3lLg==
982 silly tarball no local data for ajv@6.5.3. Extracting by manifest.
983 http fetch GET 200 https://registry.npmjs.org/brace-expansion/-/brace-expansion-1.1.11.tgz 1251ms
984 silly extract brace-expansion@1.1.11 extracted to F:\MyWork\heemoney-doc\node_modules\.staging\brace-expansion-c2dd830f (8637ms)
985 silly extract uri-js@4.2.2
986 silly tarball trying uri-js@4.2.2 by hash: sha512-KY9Frmirql91X2Qgjry0Wd4Y+YTdrdZheS8TFwvkbLWf/G5KNJDCh6pKL5OZctEW4+0Baa5idK2ZQuELRwPznQ==
987 silly tarball no local data for uri-js@4.2.2. Extracting by manifest.
988 http fetch GET 200 https://registry.npmjs.org/ansi-regex/-/ansi-regex-3.0.0.tgz 1833ms
989 silly extract ansi-regex@3.0.0 extracted to F:\MyWork\heemoney-doc\node_modules\.staging\ansi-regex-bd2305de (8769ms)
990 silly extract update-check@1.5.2
991 silly tarball trying update-check@1.5.2 by hash: sha512-1TrmYLuLj/5ZovwUS7fFd1jMH3NnFDN1y1A8dboedIDt7zs/zJMo6TwwlhYKkSeEwzleeiSBV5/3c9ufAQWDaQ==
992 silly tarball no local data for update-check@1.5.2. Extracting by manifest.
993 http fetch GET 200 https://registry.npmjs.org/arg/-/arg-2.0.0.tgz 6343ms
994 silly extract arg@2.0.0 extracted to F:\MyWork\heemoney-doc\node_modules\.staging\arg-9a513119 (8942ms)
995 silly extract chalk@2.4.1
996 silly tarball trying chalk@2.4.1 by hash: sha512-ObN6h1v2fTJSmUXoS3nMQ92LbDK9be4TV+6G+omQlGJFdcUX5heKi1LZ1YnRMIgwTLEj3E24bT6tYni50rlCfQ==
997 silly tarball no local data for chalk@2.4.1. Extracting by manifest.
998 http fetch GET 200 https://registry.npmjs.org/execa/-/execa-0.8.0.tgz 1732ms
999 silly extract execa@0.8.0 extracted to F:\MyWork\heemoney-doc\node_modules\.staging\execa-84d25e80 (1734ms)
1000 silly extract supports-color@5.5.0
1001 silly tarball trying supports-color@5.5.0 by hash: sha512-QjVjwdXIt408MIiAqCX4oUKsgU2EqAGzs2Ppkm4aQYbjm+ZEWEcW4SfFNTr4uMNZma0ey4f5lgLrkB0aX0QMow==
1002 silly tarball no local data for supports-color@5.5.0. Extracting by manifest.
1003 http fetch GET 200 https://registry.npmjs.org/term-size 4397ms
1004 http fetch GET 200 https://registry.npmjs.org/path-is-inside/-/path-is-inside-1.0.2.tgz 1624ms
1005 silly extract path-is-inside@1.0.2 extracted to F:\MyWork\heemoney-doc\node_modules\.staging\path-is-inside-574455da (9157ms)
1006 silly extract registry-url@3.1.0
1007 silly tarball trying registry-url@3.1.0 by hash: sha1-PU74cPc93h138M+aOBQyRE4XSUI=
1008 silly tarball no local data for registry-url@3.1.0. Extracting by manifest.
1009 http fetch GET 200 https://registry.npmjs.org/p-finally 9072ms
1010 http fetch GET 200 https://registry.npmjs.org/minimist 9521ms
1011 http fetch GET 200 https://registry.npmjs.org/punycode/-/punycode-2.1.1.tgz 6490ms
1012 silly extract punycode@2.1.1 extracted to F:\MyWork\heemoney-doc\node_modules\.staging\punycode-c76befca (9827ms)
1013 silly extract registry-auth-token@3.3.2
1014 silly tarball trying registry-auth-token@3.3.2 by hash: sha512-JL39c60XlzCVgNrO+qq68FoNb56w/m7JYvGR2jT5iR1xBrUA3Mfx5Twk5rqTThPmQKMWydGmq8oFtDlxfrmxnQ==
1015 silly tarball no local data for registry-auth-token@3.3.2. Extracting by manifest.
1016 http fetch GET 200 https://registry.npmjs.org/is-fullwidth-code-point/-/is-fullwidth-code-point-2.0.0.tgz 2333ms
1017 silly extract is-fullwidth-code-point@2.0.0 extracted to F:\MyWork\heemoney-doc\node_modules\.staging\is-fullwidth-code-point-1b459535 (10262ms)
1018 silly extract rc@1.2.8
1019 silly tarball trying rc@1.2.8 by hash: sha512-y3bGgqKj3QBdxLbLkomlohkvsA8gdAiUQlSBJnBhfn+BPxg4bc62d8TcBW15wavDfgexCgccckhcZvywyQYPOw==
1020 silly tarball no local data for rc@1.2.8. Extracting by manifest.
1021 http fetch GET 200 https://registry.npmjs.org/update-check 1545ms
1022 http fetch GET 200 https://registry.npmjs.org/pseudomap 10108ms
1023 http fetch GET 200 https://registry.npmjs.org/p-finally/-/p-finally-1.0.0.tgz 1213ms
1024 silly extract p-finally@1.0.0 extracted to F:\MyWork\heemoney-doc\node_modules\.staging\p-finally-3a2ed1e4 (10471ms)
1025 silly extract strip-json-comments@2.0.1
1026 silly tarball trying strip-json-comments@2.0.1 by hash: sha1-PFMZQukIwml8DsNEhYwobHygpgo=
1027 silly tarball no local data for strip-json-comments@2.0.1. Extracting by manifest.
1028 http fetch GET 200 https://registry.npmjs.org/get-stream 10424ms
1029 http fetch GET 200 https://registry.npmjs.org/content-disposition 10732ms
1030 http fetch GET 200 https://registry.npmjs.org/mime-types 10835ms
1031 http fetch GET 200 https://registry.npmjs.org/uri-js 2523ms
1032 http fetch GET 200 https://registry.npmjs.org/strip-json-comments 978ms
1033 http fetch GET 200 https://registry.npmjs.org/mime-db/-/mime-db-1.40.0.tgz 5184ms
1034 silly extract mime-db@1.40.0 extracted to F:\MyWork\heemoney-doc\node_modules\.staging\mime-db-d9d1bd86 (11481ms)
1035 silly extract strip-eof@1.0.0
1036 silly tarball trying strip-eof@1.0.0 by hash: sha1-u0P/VZim6wXYm1n80SnJgzE2Br8=
1037 silly tarball no local data for strip-eof@1.0.0. Extracting by manifest.
1038 http fetch GET 200 https://registry.npmjs.org/yallist 3936ms
1039 http fetch GET 200 https://registry.npmjs.org/accepts 11501ms
1040 http fetch GET 200 https://registry.npmjs.org/strip-json-comments/-/strip-json-comments-2.0.1.tgz 374ms
1041 silly extract strip-json-comments@2.0.1 extracted to F:\MyWork\heemoney-doc\node_modules\.staging\strip-json-comments-c51ea9cf (1354ms)
1042 silly extract ansi-align@2.0.0
1043 silly tarball trying ansi-align@2.0.0 by hash: sha1-w2rsy6VjuJzrVW82kPCx2eNUf38=
1044 silly tarball no local data for ansi-align@2.0.0. Extracting by manifest.
1045 http fetch GET 200 https://registry.npmjs.org/safe-buffer 11868ms
1046 http fetch GET 200 https://registry.npmjs.org/content-disposition/-/content-disposition-0.5.2.tgz 1417ms
1047 silly extract content-disposition@0.5.2 extracted to F:\MyWork\heemoney-doc\node_modules\.staging\content-disposition-d48b047f (12345ms)
1048 silly extract string-width@2.1.1
1049 silly tarball trying string-width@2.1.1 by hash: sha512-nOqH59deCq9SRHlxq1Aw85Jnt4w6KvLKqWVik6oA9ZklXLNIOlqg4F2yrT1MVaTjAqvVwdfeZ7w7aCvJD7ugkw==
1050 silly tarball no local data for string-width@2.1.1. Extracting by manifest.
1051 http fetch GET 200 https://registry.npmjs.org/minimatch 12188ms
1052 http fetch GET 200 https://registry.npmjs.org/concat-map/-/concat-map-0.0.1.tgz 4708ms
1053 silly extract concat-map@0.0.1 extracted to F:\MyWork\heemoney-doc\node_modules\.staging\concat-map-7e911cf0 (12438ms)
1054 silly extract strip-ansi@4.0.0
1055 silly tarball trying strip-ansi@4.0.0 by hash: sha1-qEeQIusaw2iocTibY1JixQXuNo8=
1056 silly tarball no local data for strip-ansi@4.0.0. Extracting by manifest.
1057 http fetch GET 200 https://registry.npmjs.org/registry-auth-token 2752ms
1058 http fetch GET 200 https://registry.npmjs.org/ansi-align 783ms
1059 http fetch GET 200 https://registry.npmjs.org/ansi-styles 12573ms
1060 http fetch GET 200 https://registry.npmjs.org/widest-line 5117ms
1061 http fetch GET 200 https://registry.npmjs.org/chalk 3948ms
1062 http fetch GET 200 https://registry.npmjs.org/registry-url 3809ms
1063 http fetch GET 200 https://registry.npmjs.org/ansi-align/-/ansi-align-2.0.0.tgz 581ms
1064 silly extract ansi-align@2.0.0 extracted to F:\MyWork\heemoney-doc\node_modules\.staging\ansi-align-26b9030d (1367ms)
1065 silly extract signal-exit@3.0.2
1066 silly tarball trying signal-exit@3.0.2 by hash: sha1-tf3AjxKH6hF4Yo5BXiUTK3NkbG0=
1067 silly tarball no local data for signal-exit@3.0.2. Extracting by manifest.
1068 http fetch GET 200 https://registry.npmjs.org/path-to-regexp 13104ms
1069 http fetch GET 200 https://registry.npmjs.org/safe-buffer/-/safe-buffer-5.1.2.tgz 1303ms
1070 silly extract safe-buffer@5.1.2 extracted to F:\MyWork\heemoney-doc\node_modules\.staging\safe-buffer-cd2cba17 (13360ms)
1071 silly extract shebang-command@1.2.0
1072 silly tarball trying shebang-command@1.2.0 by hash: sha1-RKrGW2lbAzmJaMOfNj/uXer98eo=
1073 silly tarball no local data for shebang-command@1.2.0. Extracting by manifest.
1074 http fetch GET 200 https://registry.npmjs.org/punycode 13322ms
1075 http fetch GET 200 https://registry.npmjs.org/strip-eof 2051ms
1076 http fetch GET 200 https://registry.npmjs.org/registry-url/-/registry-url-3.1.0.tgz 967ms
1077 silly extract registry-url@3.1.0 extracted to F:\MyWork\heemoney-doc\node_modules\.staging\registry-url-d6bf8f44 (4779ms)
1078 timing audit submit Completed in 15707ms
1079 http fetch GET 200 https://registry.npmjs.org/mime-db 14018ms
1080 http fetch GET 200 https://registry.npmjs.org/accepts/-/accepts-1.3.7.tgz 2753ms
1081 silly extract accepts@1.3.7 extracted to F:\MyWork\heemoney-doc\node_modules\.staging\accepts-e6fee514 (14443ms)
1082 http fetch GET 200 https://registry.npmjs.org/pseudomap/-/pseudomap-1.0.2.tgz 4142ms
1083 silly extract pseudomap@1.0.2 extracted to F:\MyWork\heemoney-doc\node_modules\.staging\pseudomap-39b80170 (14439ms)
1084 http fetch GET 200 https://registry.npmjs.org/color-name/-/color-name-1.1.3.tgz 6693ms
1085 silly extract color-name@1.1.3 extracted to F:\MyWork\heemoney-doc\node_modules\.staging\color-name-9ea75e60 (14468ms)
1086 http fetch GET 200 https://registry.npmjs.org/rc 4281ms
1087 http fetch GET 200 https://registry.npmjs.org/get-stream/-/get-stream-3.0.0.tgz 4039ms
1088 silly extract get-stream@3.0.0 extracted to F:\MyWork\heemoney-doc\node_modules\.staging\get-stream-6f6d3ad7 (14679ms)
1089 http fetch GET 200 https://registry.npmjs.org/strip-eof/-/strip-eof-1.0.0.tgz 1362ms
1090 silly extract strip-eof@1.0.0 extracted to F:\MyWork\heemoney-doc\node_modules\.staging\strip-eof-c7e6c241 (3415ms)
1091 http fetch GET 200 https://registry.npmjs.org/ansi-styles/-/ansi-styles-3.2.1.tgz 2221ms
1092 silly extract ansi-styles@3.2.1 extracted to F:\MyWork\heemoney-doc\node_modules\.staging\ansi-styles-18a662f8 (14979ms)
1093 http fetch GET 200 https://registry.npmjs.org/minimatch/-/minimatch-3.0.4.tgz 2598ms
1094 silly extract minimatch@3.0.4 extracted to F:\MyWork\heemoney-doc\node_modules\.staging\minimatch-d52251ba (14991ms)
1095 http fetch GET 200 https://registry.npmjs.org/supports-color 5915ms
1096 http fetch GET 200 https://registry.npmjs.org/cross-spawn 7662ms
1097 http fetch POST 200 https://registry.npmjs.org/-/npm/v1/security/audits/quick 15344ms
1098 timing audit body Completed in 989ms
1099 http fetch GET 200 https://registry.npmjs.org/mime-types/-/mime-types-2.1.24.tgz 9912ms
1100 silly extract mime-types@2.1.24 extracted to F:\MyWork\heemoney-doc\node_modules\.staging\mime-types-70fcc4fd (15203ms)
1101 http fetch GET 200 https://registry.npmjs.org/boxen 11490ms
1102 http fetch GET 200 https://registry.npmjs.org/shebang-command 2683ms
1103 http fetch GET 200 https://registry.npmjs.org/punycode/-/punycode-1.4.1.tgz 2590ms
1104 silly extract punycode@1.4.1 extracted to F:\MyWork\heemoney-doc\node_modules\.staging\punycode-d8652793 (16104ms)
1105 http fetch GET 200 https://registry.npmjs.org/signal-exit 2955ms
1106 http fetch GET 200 https://registry.npmjs.org/registry-auth-token/-/registry-auth-token-3.3.2.tgz 3634ms
1107 silly extract registry-auth-token@3.3.2 extracted to F:\MyWork\heemoney-doc\node_modules\.staging\registry-auth-token-128042fe (6388ms)
1108 http fetch GET 200 https://registry.npmjs.org/supports-color/-/supports-color-5.5.0.tgz 1296ms
1109 silly extract supports-color@5.5.0 extracted to F:\MyWork\heemoney-doc\node_modules\.staging\supports-color-500725d1 (7212ms)
1110 http fetch GET 200 https://registry.npmjs.org/shebang-command/-/shebang-command-1.2.0.tgz 424ms
1111 silly extract shebang-command@1.2.0 extracted to F:\MyWork\heemoney-doc\node_modules\.staging\shebang-command-14d7c39a (3112ms)
1112 http fetch GET 200 https://registry.npmjs.org/chalk/-/chalk-2.4.1.tgz 3685ms
1113 silly extract chalk@2.4.1 extracted to F:\MyWork\heemoney-doc\node_modules\.staging\chalk-9301f689 (7637ms)
1114 http fetch GET 200 https://registry.npmjs.org/vary 8185ms
1115 http fetch GET 200 https://registry.npmjs.org/path-to-regexp/-/path-to-regexp-2.2.1.tgz 3393ms
1116 silly extract path-to-regexp@2.2.1 extracted to F:\MyWork\heemoney-doc\node_modules\.staging\path-to-regexp-f9a66f20 (16687ms)
1117 http fetch GET 200 https://registry.npmjs.org/color-convert 16578ms
1118 http fetch GET 200 https://registry.npmjs.org/yallist/-/yallist-2.1.2.tgz 5212ms
1119 silly extract yallist@2.1.2 extracted to F:\MyWork\heemoney-doc\node_modules\.staging\yallist-06262df8 (9151ms)
1120 http fetch GET 200 https://registry.npmjs.org/cross-spawn/-/cross-spawn-5.1.0.tgz 1773ms
1121 silly extract cross-spawn@5.1.0 extracted to F:\MyWork\heemoney-doc\node_modules\.staging\cross-spawn-c4bb8377 (9436ms)
1122 http fetch GET 200 https://registry.npmjs.org/signal-exit/-/signal-exit-3.0.2.tgz 949ms
1123 silly extract signal-exit@3.0.2 extracted to F:\MyWork\heemoney-doc\node_modules\.staging\signal-exit-f60f9045 (3915ms)
1124 http fetch GET 200 https://registry.npmjs.org/mime-db/-/mime-db-1.33.0.tgz 2950ms
1125 silly extract mime-db@1.33.0 extracted to F:\MyWork\heemoney-doc\node_modules\.staging\mime-db-f15a2b69 (17156ms)
1126 http fetch GET 200 https://registry.npmjs.org/mime-types/-/mime-types-2.1.18.tgz 6321ms
1127 silly extract mime-types@2.1.18 extracted to F:\MyWork\heemoney-doc\node_modules\.staging\mime-types-72f4d034 (17346ms)
1128 http fetch GET 200 https://registry.npmjs.org/fast-deep-equal 17298ms
1129 http fetch GET 200 https://registry.npmjs.org/term-size/-/term-size-1.2.0.tgz 8365ms
1130 silly extract term-size@1.2.0 extracted to F:\MyWork\heemoney-doc\node_modules\.staging\term-size-9b1b094e (12763ms)
1131 http fetch GET 200 https://registry.npmjs.org/ini 17517ms
1132 http fetch GET 200 https://registry.npmjs.org/color-convert/-/color-convert-1.9.3.tgz 1218ms
1133 silly extract color-convert@1.9.3 extracted to F:\MyWork\heemoney-doc\node_modules\.staging\color-convert-7cba4bd6 (17982ms)
1134 http fetch GET 200 https://registry.npmjs.org/boxen/-/boxen-1.3.0.tgz 2221ms
1135 silly extract boxen@1.3.0 extracted to F:\MyWork\heemoney-doc\node_modules\.staging\boxen-c8d46b91 (13714ms)
1136 http fetch GET 200 https://registry.npmjs.org/ini/-/ini-1.3.5.tgz 556ms
1137 silly extract ini@1.3.5 extracted to F:\MyWork\heemoney-doc\node_modules\.staging\ini-ff6343cf (18268ms)
1138 http fetch GET 200 https://registry.npmjs.org/serve 14453ms
1139 http fetch GET 200 https://registry.npmjs.org/fast-json-stable-stringify/-/fast-json-stable-stringify-2.0.0.tgz 14019ms
1140 silly extract fast-json-stable-stringify@2.0.0 extracted to F:\MyWork\heemoney-doc\node_modules\.staging\fast-json-stable-stringify-1c0b6435 (18300ms)
1141 http fetch GET 200 https://registry.npmjs.org/@zeit%2fschemas 18066ms
1142 http fetch GET 200 https://registry.npmjs.org/fast-deep-equal/-/fast-deep-equal-2.0.1.tgz 974ms
1143 silly extract fast-deep-equal@2.0.1 extracted to F:\MyWork\heemoney-doc\node_modules\.staging\fast-deep-equal-31136dc9 (18483ms)
1144 http fetch GET 200 https://registry.npmjs.org/rc/-/rc-1.2.8.tgz 4091ms
1145 silly extract rc@1.2.8 extracted to F:\MyWork\heemoney-doc\node_modules\.staging\rc-1288a266 (8374ms)
1146 http fetch GET 200 https://registry.npmjs.org/vary/-/vary-1.1.2.tgz 2052ms
1147 silly extract vary@1.1.2 extracted to F:\MyWork\heemoney-doc\node_modules\.staging\vary-33955fe1 (10240ms)
1148 http fetch GET 200 https://registry.npmjs.org/which 10611ms
1149 http fetch GET 200 https://registry.npmjs.org/debug 18597ms
1150 http fetch GET 200 https://registry.npmjs.org/which/-/which-1.3.1.tgz 377ms
1151 silly extract which@1.3.1 extracted to F:\MyWork\heemoney-doc\node_modules\.staging\which-5ddcc7fc (10992ms)
1152 http fetch GET 200 https://registry.npmjs.org/strip-ansi 6680ms
1153 http fetch GET 200 https://registry.npmjs.org/strip-ansi/-/strip-ansi-4.0.0.tgz 259ms
1154 silly extract strip-ansi@4.0.0 extracted to F:\MyWork\heemoney-doc\node_modules\.staging\strip-ansi-b988feac (6941ms)
1155 http fetch GET 200 https://registry.npmjs.org/@zeit/schemas/-/schemas-2.6.0.tgz 1450ms
1156 silly extract @zeit/schemas@2.6.0 extracted to F:\MyWork\heemoney-doc\node_modules\.staging\@zeit\schemas-eaa6ce71 (19771ms)
1157 http fetch GET 200 https://registry.npmjs.org/debug/-/debug-2.6.9.tgz 997ms
1158 silly extract debug@2.6.9 extracted to F:\MyWork\heemoney-doc\node_modules\.staging\debug-dfc1832a (19787ms)
1159 http fetch GET 200 https://registry.npmjs.org/minimist/-/minimist-1.2.0.tgz 10128ms
1160 silly extract minimist@1.2.0 extracted to F:\MyWork\heemoney-doc\node_modules\.staging\minimist-73886579 (19835ms)
1161 http fetch GET 200 https://registry.npmjs.org/compression 11806ms
1162 http fetch GET 200 https://registry.npmjs.org/widest-line/-/widest-line-2.0.1.tgz 7178ms
1163 silly extract widest-line@2.0.1 extracted to F:\MyWork\heemoney-doc\node_modules\.staging\widest-line-39eb6a1d (12297ms)
1164 http fetch GET 200 https://registry.npmjs.org/uri-js/-/uri-js-4.2.2.tgz 9205ms
1165 silly extract uri-js@4.2.2 extracted to F:\MyWork\heemoney-doc\node_modules\.staging\uri-js-20cdd70e (11732ms)
1166 http fetch GET 200 https://registry.npmjs.org/compression/-/compression-1.7.3.tgz 464ms
1167 silly extract compression@1.7.3 extracted to F:\MyWork\heemoney-doc\node_modules\.staging\compression-c033d03b (12273ms)
1168 http fetch GET 200 https://registry.npmjs.org/camelcase 21312ms
1169 http fetch GET 200 https://registry.npmjs.org/serve/-/serve-11.0.0.tgz 3304ms
1170 silly extract serve@11.0.0 extracted to F:\MyWork\heemoney-doc\node_modules\.staging\serve-2140f894 (17762ms)
1171 http fetch GET 200 https://registry.npmjs.org/cli-boxes 21433ms
1172 http fetch GET 200 https://registry.npmjs.org/cli-boxes/-/cli-boxes-1.0.0.tgz 225ms
1173 silly extract cli-boxes@1.0.0 extracted to F:\MyWork\heemoney-doc\node_modules\.staging\cli-boxes-a0936cba (21845ms)
1174 http fetch GET 200 https://registry.npmjs.org/serve-handler 21656ms
1175 http fetch GET 200 https://registry.npmjs.org/camelcase/-/camelcase-4.1.0.tgz 500ms
1176 silly extract camelcase@4.1.0 extracted to F:\MyWork\heemoney-doc\node_modules\.staging\camelcase-d7099655 (22022ms)
1177 http fetch GET 200 https://registry.npmjs.org/isexe/-/isexe-2.0.0.tgz 14179ms
1178 silly extract isexe@2.0.0 extracted to F:\MyWork\heemoney-doc\node_modules\.staging\isexe-f236d452 (22417ms)
1179 http fetch GET 200 https://registry.npmjs.org/update-check/-/update-check-1.5.2.tgz 12292ms
1180 silly extract update-check@1.5.2 extracted to F:\MyWork\heemoney-doc\node_modules\.staging\update-check-ff3d9ead (13838ms)
1181 http fetch GET 200 https://registry.npmjs.org/serve-handler/-/serve-handler-6.0.0.tgz 973ms
1182 silly extract serve-handler@6.0.0 extracted to F:\MyWork\heemoney-doc\node_modules\.staging\serve-handler-14b8b19b (22821ms)
1183 http fetch GET 200 https://registry.npmjs.org/is-stream 26886ms
1184 http fetch GET 200 https://registry.npmjs.org/is-stream/-/is-stream-1.1.0.tgz 260ms
1185 silly extract is-stream@1.1.0 extracted to F:\MyWork\heemoney-doc\node_modules\.staging\is-stream-a3523923 (27339ms)
1186 http fetch GET 200 https://registry.npmjs.org/compressible 28866ms attempt #2
1187 http fetch GET 200 https://registry.npmjs.org/compressible/-/compressible-2.0.17.tgz 200ms
1188 silly extract compressible@2.0.17 extracted to F:\MyWork\heemoney-doc\node_modules\.staging\compressible-10179d40 (29268ms)
1189 http fetch GET 200 https://registry.npmjs.org/clipboardy/-/clipboardy-1.2.3.tgz 24870ms
1190 silly extract clipboardy@1.2.3 extracted to F:\MyWork\heemoney-doc\node_modules\.staging\clipboardy-51557107 (26457ms)
1191 http fetch GET 200 https://registry.npmjs.org/ajv 25350ms
1192 http fetch GET 200 https://registry.npmjs.org/ajv/-/ajv-6.5.3.tgz 2615ms
1193 silly extract ajv@6.5.3 extracted to F:\MyWork\heemoney-doc\node_modules\.staging\ajv-cc63e922 (27974ms)
1194 http fetch GET 200 https://registry.npmjs.org/lru-cache 35579ms
1195 http fetch GET 200 https://registry.npmjs.org/lru-cache/-/lru-cache-4.1.5.tgz 536ms
1196 silly extract lru-cache@4.1.5 extracted to F:\MyWork\heemoney-doc\node_modules\.staging\lru-cache-caa7c7b9 (36119ms)
1197 http fetch GET 200 https://registry.npmjs.org/string-width 33053ms
1198 http fetch GET 200 https://registry.npmjs.org/string-width/-/string-width-2.1.1.tgz 255ms
1199 silly extract string-width@2.1.1 extracted to F:\MyWork\heemoney-doc\node_modules\.staging\string-width-864419d8 (33346ms)
1200 verbose stack Error: kill ENOSYS
1200 verbose stack     at process.kill (internal/process/per_thread.js:198:13)
1200 verbose stack     at process.listener (F:\nodejs\node_modules\npm\node_modules\signal-exit\index.js:95:15)
1200 verbose stack     at process.emit (events.js:182:13)
1201 verbose cwd F:\MyWork\heemoney-doc
1202 verbose Windows_NT 6.1.7601
1203 verbose argv "F:\\nodejs\\node.exe" "F:\\nodejs\\node_modules\\npm\\bin\\npm-cli.js" "install"
1204 verbose node v10.15.0
1205 verbose npm  v6.4.1
1206 error code ENOSYS
1207 error errno ENOSYS
1208 error syscall kill
1209 error kill ENOSYS
1210 verbose exit [ 1, true ]
